<?xml version="1.0" encoding="UTF-8"?>
<!-- Generated by org.testng.reporters.JUnitReportReporter -->
<testsuite hostname="CQUIJANO" failures="0" tests="5" name="AAtest.AAtest" time="7.640" errors="0" timestamp="2021-05-12T09:45:01 CDT" skipped="0">
  <testcase classname="AAtest.AAtest" name="f" time="0.005"/>
  <system-out/>
  <testcase classname="AAtest.AAtest" name="f" time="0.002"/>
  <system-out/>
  <testcase classname="AAtest.AAtest" name="test_getTeamsUserActivityUserDetail" time="0.765"/>
  <system-out/>
  <testcase classname="AAtest.AAtest" name="test_ConfigSetup" time="5.913"/>
  <system-out/>
  <testcase classname="AAtest.AAtest" name="test_getTeamsUserActivityCounts" time="0.955"/>
  <system-out/>
</testsuite> <!-- AAtest.AAtest -->
